<?xml version="1.0" encoding="UTF-8"?>
<!-- Generated by org.testng.reporters.JUnitXMLReporter -->
<testsuite hostname="PRASANNAAN" ignored="0" name="test" tests="25" failures="1" timestamp="30 Jan 2019 06:15:20 GMT" time="0.045" errors="0">
  <testcase name="nut" time="0.001" classname="com.maven.test.com.maven.practice.MavenClass"/>
  <testcase name="browser" time="0.0" classname="com.maven.test.com.maven.practice.MavenClass">
    <failure type="org.testng.TestNGException" message="
Parameter &amp;apos;browsername&amp;apos; is required by @Test on method browser but has not been marked @Optional or defined
in D:\GIT\QA-Master\com.maven.practice\testng.xml">
      <![CDATA[org.testng.TestNGException: 
Parameter 'browsername' is required by @Test on method browser but has not been marked @Optional or defined
in D:\GIT\QA-Master\com.maven.practice\testng.xml
at java.util.concurrent.ThreadPoolExecutor.runWorker(Unknown Source)
at java.util.concurrent.ThreadPoolExecutor$Worker.run(Unknown Source)
at java.lang.Thread.run(Unknown Source)
... Removed 9 stack frames]]>
    </failure>
  </testcase> <!-- browser -->
  <testcase name="run2" time="0.002" classname="com.maven.test.com.maven.practice.MavenClass"/>
  <testcase name="run1" time="0.001" classname="com.maven.test.com.maven.practice.MavenClass"/>
  <testcase name="run4" time="0.0" classname="com.maven.test.com.maven.practice.MavenClass"/>
  <testcase name="run4" time="0.0" classname="com.maven.test.com.maven.practice.MavenClass"/>
  <testcase name="run3" time="0.006" classname="com.maven.test.com.maven.practice.MavenClass"/>
  <testcase name="run3" time="0.0" classname="com.maven.test.com.maven.practice.MavenClass"/>
  <testcase name="run3" time="0.0" classname="com.maven.test.com.maven.practice.MavenClass"/>
  <testcase name="run3" time="0.001" classname="com.maven.test.com.maven.practice.MavenClass"/>
  <testcase name="run3" time="0.001" classname="com.maven.test.com.maven.practice.MavenClass"/>
  <testcase name="run4" time="0.008" classname="com.maven.test.com.maven.practice.MavenClass"/>
  <testcase name="run3" time="0.001" classname="com.maven.test.com.maven.practice.MavenClass"/>
  <testcase name="run4" time="0.001" classname="com.maven.test.com.maven.practice.MavenClass"/>
  <testcase name="run4" time="0.003" classname="com.maven.test.com.maven.practice.MavenClass"/>
  <testcase name="run4" time="0.001" classname="com.maven.test.com.maven.practice.MavenClass"/>
  <testcase name="run4" time="0.001" classname="com.maven.test.com.maven.practice.MavenClass"/>
  <testcase name="run4" time="0.001" classname="com.maven.test.com.maven.practice.MavenClass"/>
  <testcase name="run4" time="0.001" classname="com.maven.test.com.maven.practice.MavenClass"/>
  <testcase name="run4" time="0.001" classname="com.maven.test.com.maven.practice.MavenClass"/>
  <testcase name="run0" time="0.032" classname="com.maven.test.com.maven.practice.MavenClass"/>
  <testcase name="run3" time="0.006" classname="com.maven.test.com.maven.practice.MavenClass"/>
  <testcase name="run3" time="0.001" classname="com.maven.test.com.maven.practice.MavenClass"/>
  <testcase name="run3" time="0.0" classname="com.maven.test.com.maven.practice.MavenClass"/>
  <testcase name="run3" time="0.0" classname="com.maven.test.com.maven.practice.MavenClass"/>
</testsuite> <!-- test -->
